Arguments: 
  C:\Program Files\nodejs\node.exe D:\node\node_modules\yarn\bin\yarn.js install

PATH: 
  D:\Program Files (x86)\VMware\VMware Workstation\bin\;C:\Program Files\Common Files\Oracle\Java\javapath;C:\Windows\system32;C:\Windows;C:\Windows\System32\Wbem;C:\Windows\System32\WindowsPowerShell\v1.0\;C:\Windows\System32\OpenSSH\;D:\Program Files\AMD\ATI.ACE\Core-Static;C:\Program Files\Microsoft SQL Server\150\Tools\Binn\;C:\Program Files\Microsoft SQL Server\Client SDK\ODBC\170\Tools\Binn\;C:\Program Files\TortoiseGit\bin;C:\ProgramData\chocolatey\bin;C:\Program Files\Git\cmd;C:\Users\bigforniture\AppData\Local\Programs\Python\Python311;E:\Tools\DevTools\ngrok-v3-stable-windows-amd64;C:\ProgramData\nvm;C:\Program Files\nodejs;C:\Program Files\PuTTY\;D:\AndroidSDK\platform-tools;C:\Program Files (x86)\Microsoft SQL Server\160\DTS\Binn\;C:\Program Files (x86)\Microsoft SQL Server\160\Tools\Binn\;C:\Program Files\Microsoft SQL Server\160\Tools\Binn\;C:\Program Files\Microsoft SQL Server\160\DTS\Binn\;C:\Program Files\Java\jdk-19\bin;D:\node;E:\Tools\DevTools\Java\gradle-8.0.1\bin;C:\Program Files\dotnet\;C:\Program Files\OpenSSL\bin;C:\Users\bigforniture\AppData\Local\Programs\Python\Python311\Scripts\;C:\Users\bigforniture\AppData\Local\Programs\Python\Python311\;C:\Users\bigforniture\AppData\Local\Microsoft\WindowsApps;C:\Users\bigforniture\AppData\Local\Programs\Microsoft VS Code\bin;C:\Users\bigforniture\AppData\Local\Programs\EmEditor;C:\Users\bigforniture\AppData\Roaming\npm;C:\ProgramData\nvm;C:\Program Files\nodejs;C:\Program Files\Azure Data Studio\bin;C:\Users\bigforniture\.dotnet\tools

Yarn version: 
  1.22.19

Node version: 
  16.15.1

Platform: 
  win32 x64

Trace: 
  Error: https://registry.yarnpkg.com/@mui/icons-material/-/icons-material-5.11.9.tgz: ESOCKETTIMEDOUT
      at ClientRequest.<anonymous> (D:\node\node_modules\yarn\lib\cli.js:141517:19)
      at Object.onceWrapper (node:events:641:28)
      at ClientRequest.emit (node:events:527:28)
      at TLSSocket.emitRequestTimeout (node:_http_client:771:9)
      at Object.onceWrapper (node:events:641:28)
      at TLSSocket.emit (node:events:539:35)
      at TLSSocket.Socket._onTimeout (node:net:516:8)
      at listOnTimeout (node:internal/timers:559:17)
      at processTimers (node:internal/timers:502:7)

npm manifest: 
  {
    "name": "sms-marketplace",
    "version": "0.1.0",
    "private": true,
    "dependencies": {
      "@auth0/auth0-spa-js": "2.0.3",
      "@aws-amplify/auth": "5.1.8",
      "@emotion/cache": "11.10.5",
      "@emotion/react": "11.10.5",
      "@emotion/server": "11.10.0",
      "@emotion/styled": "11.10.5",
      "@fullcalendar/core": "6.1.4",
      "@fullcalendar/daygrid": "6.1.4",
      "@fullcalendar/interaction": "6.1.4",
      "@fullcalendar/list": "6.1.4",
      "@fullcalendar/react": "6.1.4",
      "@fullcalendar/timegrid": "6.1.4",
      "@fullcalendar/timeline": "6.1.4",
      "@loadable/component": "^5.15.3",
      "@mui/icons-material": "5.11.9",
      "@mui/lab": "5.0.0-alpha.120",
      "@mui/material": "5.11.9",
      "@mui/system": "5.11.9",
      "@mui/x-date-pickers": "5.0.18",
      "@react-pdf/renderer": "3.1.4",
      "@reduxjs/toolkit": "1.8.5",
      "@untitled-ui/icons-react": "0.1.0",
      "apexcharts": "3.37.0",
      "aws-amplify": "5.0.14",
      "date-fns": "2.29.3",
      "draft-js": "0.11.7",
      "firebase": "9.17.1",
      "formik": "2.2.9",
      "gray-matter": "4.0.3",
      "i18next": "22.4.9",
      "lodash.debounce": "4.0.8",
      "lodash.isequal": "4.5.0",
      "mapbox-gl": "2.12.1",
      "mui-one-time-password-input": "1.0.4",
      "nprogress": "0.2.0",
      "numeral": "2.0.6",
      "prop-types": "15.8.1",
      "react": "18.2.0",
      "react-apexcharts": "1.4.0",
      "react-beautiful-dnd": "13.1.1",
      "react-dom": "18.2.0",
      "react-draft-wysiwyg": "1.15.0",
      "react-dropzone": "14.2.3",
      "react-helmet-async": "1.3.0",
      "react-hot-toast": "2.4.0",
      "react-i18next": "12.1.5",
      "react-map-gl": "7.0.21",
      "react-markdown": "8.0.5",
      "react-quill": "2.0.0",
      "react-redux": "8.0.5",
      "react-router": "6.8.1",
      "react-router-dom": "6.8.1",
      "react-scripts": "5.0.1",
      "react-slick": "0.29.0",
      "react-syntax-highlighter": "15.5.0",
      "redux": "4.2.1",
      "redux-devtools-extension": "2.13.9",
      "redux-thunk": "2.4.2",
      "simplebar-react": "3.2.1",
      "stylis": "4.1.3",
      "stylis-plugin-rtl": "2.0.2",
      "yup": "1.0.0"
    },
    "devDependencies": {
      "@svgr/webpack": "6.5.1",
      "@types/lodash": "4.14.191",
      "@types/node": "18.13.0",
      "@types/nprogress": "0.2.0",
      "@types/numeral": "2.0.2",
      "@types/react": "18.0.28",
      "@types/react-beautiful-dnd": "13.1.3",
      "@types/react-dom": "18.0.11",
      "@types/react-draft-wysiwyg": "1.13.4",
      "@types/react-redux": "7.1.25",
      "@types/react-slick": "0.23.10",
      "eslint": "8.34.0",
      "typescript": "4.9.5"
    },
    "scripts": {
      "start": "react-scripts start",
      "build": "react-scripts build",
      "test": "react-scripts test",
      "eject": "react-scripts eject"
    },
    "eslintConfig": {
      "extends": [
        "react-app",
        "react-app/jest"
      ]
    },
    "browserslist": {
      "production": [
        ">0.2%",
        "not dead",
        "not op_mini all"
      ],
      "development": [
        "last 1 chrome version",
        "last 1 firefox version",
        "last 1 safari version"
      ]
    }
  }

yarn manifest: 
  No manifest

Lockfile: 
  No lockfile
